-------------------------------------------------------------------------------
Test set: com.neosystem.sifen.infrastructure.adapters.sifen.SifenSoapClientAdapterTest
-------------------------------------------------------------------------------
Tests run: 2, Failures: 0, Errors: 2, Skipped: 0, Time elapsed: 3.508 s <<< FAILURE! -- in com.neosystem.sifen.infrastructure.adapters.sifen.SifenSoapClientAdapterTest
com.neosystem.sifen.infrastructure.adapters.sifen.SifenSoapClientAdapterTest.testConsultaRuc -- Time elapsed: 1.105 s <<< ERROR!
org.springframework.ws.client.WebServiceTransportException: Error [400]
	at org.springframework.ws.client.core.WebServiceTemplate.handleError(WebServiceTemplate.java:666)
	at org.springframework.ws.client.core.WebServiceTemplate.doSendAndReceive(WebServiceTemplate.java:588)
	at org.springframework.ws.client.core.WebServiceTemplate.sendAndReceive(WebServiceTemplate.java:539)
	at org.springframework.ws.client.core.WebServiceTemplate.doSendAndReceive(WebServiceTemplate.java:493)
	at org.springframework.ws.client.core.WebServiceTemplate.sendSourceAndReceiveToResult(WebServiceTemplate.java:442)
	at com.neosystem.sifen.infrastructure.adapters.sifen.SifenSoapClientAdapter.consultaRuc(SifenSoapClientAdapter.java:72)
	at com.neosystem.sifen.infrastructure.adapters.sifen.SifenSoapClientAdapterTest.testConsultaRuc(SifenSoapClientAdapterTest.java:150)
	at java.base/java.lang.reflect.Method.invoke(Method.java:580)
	at java.base/java.util.ArrayList.forEach(ArrayList.java:1596)
	at java.base/java.util.ArrayList.forEach(ArrayList.java:1596)

com.neosystem.sifen.infrastructure.adapters.sifen.SifenSoapClientAdapterTest.testRecibe -- Time elapsed: 0.246 s <<< ERROR!
org.springframework.ws.client.WebServiceIOException: I/O error: Connection reset
	at org.springframework.ws.client.core.WebServiceTemplate.sendAndReceive(WebServiceTemplate.java:543)
	at org.springframework.ws.client.core.WebServiceTemplate.doSendAndReceive(WebServiceTemplate.java:493)
	at org.springframework.ws.client.core.WebServiceTemplate.sendSourceAndReceiveToResult(WebServiceTemplate.java:442)
	at com.neosystem.sifen.infrastructure.adapters.sifen.SifenSoapClientAdapter.recibe(SifenSoapClientAdapter.java:42)
	at com.neosystem.sifen.infrastructure.adapters.sifen.SifenSoapClientAdapterTest.testRecibe(SifenSoapClientAdapterTest.java:140)
	at java.base/java.lang.reflect.Method.invoke(Method.java:580)
	at java.base/java.util.ArrayList.forEach(ArrayList.java:1596)
	at java.base/java.util.ArrayList.forEach(ArrayList.java:1596)
Caused by: java.net.SocketException: Connection reset
	at java.base/sun.nio.ch.NioSocketImpl.implRead(NioSocketImpl.java:318)
	at java.base/sun.nio.ch.NioSocketImpl.read(NioSocketImpl.java:346)
	at java.base/sun.nio.ch.NioSocketImpl$1.read(NioSocketImpl.java:796)
	at java.base/java.net.Socket$SocketInputStream.read(Socket.java:1099)
	at java.base/sun.security.ssl.SSLSocketInputRecord.read(SSLSocketInputRecord.java:489)
	at java.base/sun.security.ssl.SSLSocketInputRecord.readHeader(SSLSocketInputRecord.java:483)
	at java.base/sun.security.ssl.SSLSocketInputRecord.bytesInCompletePacket(SSLSocketInputRecord.java:70)
	at java.base/sun.security.ssl.SSLSocketImpl.readApplicationRecord(SSLSocketImpl.java:1461)
	at java.base/sun.security.ssl.SSLSocketImpl$AppInputStream.read(SSLSocketImpl.java:1066)
	at java.base/java.io.BufferedInputStream.fill(BufferedInputStream.java:291)
	at java.base/java.io.BufferedInputStream.read1(BufferedInputStream.java:347)
	at java.base/java.io.BufferedInputStream.implRead(BufferedInputStream.java:420)
	at java.base/java.io.BufferedInputStream.read(BufferedInputStream.java:399)
	at java.base/sun.net.www.http.HttpClient.parseHTTPHeader(HttpClient.java:827)
	at java.base/sun.net.www.http.HttpClient.parseHTTP(HttpClient.java:759)
	at java.base/sun.net.www.http.HttpClient.parseHTTP(HttpClient.java:786)
	at java.base/sun.net.www.protocol.http.HttpURLConnection.getInputStream0(HttpURLConnection.java:1706)
	at java.base/sun.net.www.protocol.http.HttpURLConnection.getInputStream(HttpURLConnection.java:1615)
	at java.base/java.net.HttpURLConnection.getResponseCode(HttpURLConnection.java:531)
	at java.base/sun.net.www.protocol.https.HttpsURLConnectionImpl.getResponseCode(HttpsURLConnectionImpl.java:307)
	at org.springframework.ws.transport.http.HttpUrlConnection.getResponseCode(HttpUrlConnection.java:143)
	at org.springframework.ws.transport.http.AbstractHttpSenderConnection.hasError(AbstractHttpSenderConnection.java:54)
	at org.springframework.ws.client.core.WebServiceTemplate.hasError(WebServiceTemplate.java:642)
	at org.springframework.ws.client.core.WebServiceTemplate.doSendAndReceive(WebServiceTemplate.java:586)
	at org.springframework.ws.client.core.WebServiceTemplate.sendAndReceive(WebServiceTemplate.java:539)
	... 7 more

