<?xml version="1.0" encoding="UTF-8"?>
<testsuite xmlns:xsi="http://www.w3.org/2001/XMLSchema-instance" xsi:noNamespaceSchemaLocation="https://maven.apache.org/surefire/maven-surefire-plugin/xsd/surefire-test-report.xsd" version="3.0.2" name="com.neosystem.sifen.infrastructure.adapters.sifen.XmlSigningServiceTest" time="3.398" tests="1" errors="0" skipped="0" failures="0">
  <properties>
[...]
</properties>
  <testcase name="testSignDocument" classname="com.neosystem.sifen.infrastructure.adapters.sifen.XmlSigningServiceTest" time="0.843">
    <system-out><![CDATA[07:20:03.423 [main] INFO org.springframework.test.context.support.AnnotationConfigContextLoaderUtils -- Could not detect default configuration classes for test class [com.neosystem.sifen.infrastructure.adapters.sifen.XmlSigningServiceTest]: XmlSigningServiceTest does not declare any static, non-private, non-final, nested classes annotated with @Configuration.
07:20:03.565 [main] INFO org.springframework.boot.test.context.SpringBootTestContextBootstrapper -- Found @SpringBootConfiguration com.neosystem.sifen.SifenApplication for test class com.neosystem.sifen.infrastructure.adapters.sifen.XmlSigningServiceTest

  .   ____          _            __ _ _
 /\\ / ___'_ __ _ _(_)_ __  __ _ \ \ \ \
( ( )\___ | '_ | '_| | '_ \/ _` | \ \ \ \
 \\/  ___)| |_)| | | | | || (_| |  ) ) ) )
  '  |____| .__|_| |_|_| |_\__, | / / / /
 =========|_|==============|___/=/_/_/_/

 :: Spring Boot ::                (v3.4.2)

2026-02-03T07:20:04.065-03:00  INFO 7044 --- [           main] c.n.s.i.a.sifen.XmlSigningServiceTest    : Starting XmlSigningServiceTest using Java 21.0.10 with PID 7044 (started by angel in C:\Users\angel\Documentos\NeoSystem\Proyectos\sifen)
2026-02-03T07:20:04.066-03:00  INFO 7044 --- [           main] c.n.s.i.a.sifen.XmlSigningServiceTest    : No active profile set, falling back to 1 default profile: "default"
2026-02-03T07:20:04.977-03:00  WARN 7044 --- [           main] trationDelegate$BeanPostProcessorChecker : Bean 'org.springframework.ws.config.annotation.DelegatingWsConfiguration' of type [org.springframework.ws.config.annotation.DelegatingWsConfiguration$$SpringCGLIB$$0] is not eligible for getting processed by all BeanPostProcessors (for example: not eligible for auto-proxying). The currently created BeanPostProcessor [annotationActionEndpointMapping] is declared through a non-static factory method on that class; consider declaring it as static instead.
2026-02-03T07:20:05.006-03:00  INFO 7044 --- [           main] .w.s.a.s.AnnotationActionEndpointMapping : Supporting [WS-Addressing August 2004, WS-Addressing 1.0]
2026-02-03T07:20:05.797-03:00  INFO 7044 --- [           main] c.n.s.i.a.sifen.XmlSigningServiceTest    : Started XmlSigningServiceTest in 2.071 seconds (process running for 3.038)
Signed XML Output:
<?xml version="1.0" encoding="UTF-8" standalone="no"?><rDE xmlns="http://www.sifen.gov.py/schema"><dVerFor>150</dVerFor><Signature xmlns="http://www.w3.org/2000/09/xmldsig#">
<SignedInfo>
<CanonicalizationMethod Algorithm="http://www.w3.org/TR/2001/REC-xml-c14n-20010315"/>
<SignatureMethod Algorithm="http://www.w3.org/2001/04/xmldsig-more#rsa-sha256"/>
<Reference URI="">
<Transforms>
<Transform Algorithm="http://www.w3.org/2000/09/xmldsig#enveloped-signature"/>
<Transform Algorithm="http://www.w3.org/2001/10/xml-exc-c14n#"/>
</Transforms>
<DigestMethod Algorithm="http://www.w3.org/2001/04/xmlenc#sha256"/>
<DigestValue>zzTw+8U/pgKnWs/+TxRDUnUgrzJ05vjWPxcLVktkWEM=</DigestValue>
</Reference>
</SignedInfo>
<SignatureValue>
ev4vr4MMQLXreHrOJTwENoKuQIxqP6qnjYZl2LfE1N3Xb3+KWkTRz+ovhToOgEYb88Fu6beLepe1&#13;
IckeKb/8ZNmyI7m6q87SSNRB6A7KMVWxP2sWA9QyJzE79tz+vNN5rBryuqKZ9z3/v165dI6RPar9&#13;
IYLUNRnak8vUKOrMvleMj2eUAw+izhqPzf3Bsy6yJrXJogprPbjttuLgZAcDA+qKD0K8+pILsOEV&#13;
c7d71i5tX8m2BmIQGBTT+Xe4gnpO1LQC/62QRX7wZy4Mc6jhLotKWCScoz9CVwZi5pUkpcB3aptb&#13;
qSPzzVPtJ8Zok6r6EX7p4Ri28M5zV9x63yISZA==
</SignatureValue>
<KeyInfo>
<X509Data>
<X509Certificate>
MIIJAzCCBuugAwIBAgIIEc5yYCzv5LgwDQYJKoZIhvcNAQELBQAwWjEaMBgGA1UEAwwRQ0EtRE9D&#13;
VU1FTlRBIFMuQS4xFjAUBgNVBAUTDVJVQzgwMDUwMTcyLTExFzAVBgNVBAoMDkRPQ1VNRU5UQSBT&#13;
LkEuMQswCQYDVQQGEwJQWTAeFw0yNjAxMjMxODIwMDBaFw0yNzAxMjMxODIwMDBaMIGvMSMwIQYD&#13;
VQQDDBpBTkdFTCBEQVZJRCBNQUxET05BRE8gU09TQTESMBAGA1UEBRMJQ0k0OTQ1MjU0MRQwEgYD&#13;
VQQqDAtBTkdFTCBEQVZJRDEXMBUGA1UEBAwOTUFMRE9OQURPIFNPU0ExCzAJBgNVBAsMAkYxMSsw&#13;
KQYDVQQKDCJDRVJUSUZJQ0FETyBDVUFMSUZJQ0FETyBUUklCVVRBUklPMQswCQYDVQQGEwJQWTCC&#13;
ASIwDQYJKoZIhvcNAQEBBQADggEPADCCAQoCggEBAILs8QvkSrW1DaKgfjDdHRvvdYIgwYT6Ix1J&#13;
IayhxaCDCWgS+/JzEjavhqrLY3JoNDBH9hgacxD2bb7r3S0BEWOkCBkCufbn7XCnddBvM6A81njm&#13;
Q9FP67+fXTO5R6vtO76COFmLx1sfRke2tI2oAcM4mlcq6T9lzkCNyC22e1Qm2m0HS2E4rOAq0Ti0&#13;
qzMZkGDjWp8XUOzXWUe+mJiyNCLINGweZhJW3ucPkAAdp2yQRq/0RmXLSHXkN4J1mHtuxNW1Epdy&#13;
y99yMwfTzg+4iG+pu0HeYXe4ec9xJCfVdowOcwBIcFEQHoaOuyFhNNUMsK0ESG6lEkDp6U5X22Pu&#13;
XNsCAwEAAaOCBHUwggRxMAwGA1UdEwEB/wQCMAAwHwYDVR0jBBgwFoAUoT2FK83YLJYfOQIMn1M7&#13;
WNiVC3swgZQGCCsGAQUFBwEBBIGHMIGEMFUGCCsGAQUFBzAChklodHRwczovL3d3dy5kaWdpdG8u&#13;
Y29tLnB5L3VwbG9hZHMvY2VydGlmaWNhZG8tZG9jdW1lbnRhLXNhLTE1MzUxMTc3NzEuY3J0MCsG&#13;
CCsGAQUFBzABhh9odHRwczovL3d3dy5kaWdpdG8uY29tLnB5L29jc3AvMIHnBgNVHREEgd8wgdyB&#13;
G2FtYWxkb25hZG9AbmVvc3lzdGVtLmNvbS5weaSBvDCBuTEpMCcGA1UEDQwgRklSTUEgRUxFQ1RS&#13;
T05JQ0EgZGUgbml2ZWwgbWVkaW8xHjAcBgNVBAwMFUdFUkVOVEUgREUgVEVDTk9MT0dJQTEWMBQG&#13;
A1UEBRMNUlVDODAwOTQxNjUtOTElMCMGA1UECwwcVEVDTk9MT0dJQSBERSBMQSBJTkZPUk1BQ0lP&#13;
TjEtMCsGA1UECgwkTkVPIFNZU1RFTSBQQVJBR1VBWSBTT0NJRURBRCBBTk9OSU1BMIIB5QYDVR0g&#13;
BIIB3DCCAdgwggHUBg0rBgEEAYL5OwEBAQwBMIIBwTAvBggrBgEFBQcCARYjaHR0cHM6Ly93d3cu&#13;
ZGlnaXRvLmNvbS5weS9kZXNjYXJnYXMwggGMBggrBgEFBQcCAjCCAX4eggF6AEMAZQByAHQAaQBm&#13;
AGkAYwBhAGQAbwAgAGMAdQBhAGwAaQBmAGkAYwBhAGQAbwAgAGQAZQAgAGYAaQByAG0AYQAgAGUA&#13;
bABlAGMAdAByAPMAbgBpAGMAYQAgAHQAaQBwAG8AIABGADEAIAAoAGMAbABhAHYAZQBzACAAZQBu&#13;
ACAAbQDzAGQAdQBsAG8AIABzAG8AZgB0AHcAYQByAGUAKQAsACAAcwB1AGoAZQB0AGEAIABhACAA&#13;
bABhAHMAIABjAG8AbgBkAGkAYwBpAG8AbgBlAHMAIABkAGUAIAB1AHMAbwAgAGUAeABwAHUAZQBz&#13;
AHQAYQBzACAAZQBuACAAbABhACAARABlAGMAbABhAHIAYQBjAGkA8wBuACAAZABlACAAUAByAOEA&#13;
YwB0AGkAYwBhAHMAIABkAGUAIABDAGUAcgB0AGkAZgBpAGMAYQBjAGkA8wBuACAAZABlACAARABP&#13;
AEMAVQBNAEUATgBUAEEAIABTAC4AQQAuMCoGA1UdJQEB/wQgMB4GCCsGAQUFBwMCBggrBgEFBQcD&#13;
BAYIKwYBBQUHAwEwewYDVR0fBHQwcjA0oDKgMIYuaHR0cHM6Ly93d3cuZGlnaXRvLmNvbS5weS9j&#13;
cmwvZG9jdW1lbnRhX2NhLmNybDA6oDigNoY0aHR0cHM6Ly93d3cuZG9jdW1lbnRhLmNvbS5weS9k&#13;
aWdpdG8vZG9jdW1lbnRhX2NhLmNybDAdBgNVHQ4EFgQUQcwR8FwkDqQiuJGYNz3loJdLF2gwDgYD&#13;
VR0PAQH/BAQDAgXgMA0GCSqGSIb3DQEBCwUAA4ICAQB+tF5qEU9WKV+7KrUvy5nFPuSf5Lrw2qM6&#13;
52i5oXQmDVbS+hV2NPTE16NYOrJNu1XIc9tNYDfafPzKbCBk2IdVfrLdQA5cOEZSU0kXVALFGOlp&#13;
FoX9eLn9Vy1FTQ/RjAL7Bb4QCIffYPNzvC63kzRlUQ1DC7bI47uyAH0UvjMRn/8aOTgHdgyBYhVo&#13;
ueN8B2tEhkhUAqH8n99XAi6pJCSz7ZVLp8nmi42alb3tBxpC/DJlBIhoRLkrqhXJeAp9ymot5bm/&#13;
Xe3swTBiKZM3NyxQgRQCVqhUlYTSv9iF04X6XdLkWIdnpeuHsmYbNzlp2+JJzcSOb/B/JBGNn8Lz&#13;
SctmYrlvdqczhCHZGhViJ/VtcktOLjV+3yHzh9sSKmbmUYJ3n0WTWQzFlu8qMr+qKGYO/Us3k685&#13;
Hnpjh6igpHCBhDxoGYkHZqKzD47vet2ltqEutlYn33L1Nczg29XgNkzziwKv6WFhQucHSn+293h+&#13;
X4vUDkj4JUJ599flRPbXdT8gL+Prvy2mUDmr2Q1U4unJaTkfTGLsLinvoeMEnTj1ypvV3xeLsbGY&#13;
zkGZ0BhMrOHDBs6Jy76n21Dk5s6KlRrpRpzKGzaKbTauSW1Kw1znGj0v5/TiG1QNRk6i9TfKTN3n&#13;
U9ihixwdGwrlR6xKBLYZwWTO3mTAjr3HdrTbQejrcQ==
</X509Certificate>
</X509Data>
<KeyValue>
<RSAKeyValue>
<Modulus>guzxC+RKtbUNoqB+MN0dG+91giDBhPojHUkhrKHFoIMJaBL78nMSNq+Gqstjcmg0MEf2GBpzEPZt&#13;
vuvdLQERY6QIGQK59uftcKd10G8zoDzWeOZD0U/rv59dM7lHq+07voI4WYvHWx9GR7a0jagBwzia&#13;
VyrpP2XOQI3ILbZ7VCbabQdLYTis4CrROLSrMxmQYONanxdQ7NdZR76YmLI0Isg0bB5mElbe5w+Q&#13;
AB2nbJBGr/RGZctIdeQ3gnWYe27E1bUSl3LL33IzB9POD7iIb6m7Qd5hd7h5z3EkJ9V2jA5zAEhw&#13;
URAeho67IWE01QywrQRIbqUSQOnpTlfbY+5c2w==</Modulus>
<Exponent>AQAB</Exponent>
</RSAKeyValue>
</KeyValue>
</KeyInfo>
</Signature></rDE>
]]></system-out>
    <system-err><![CDATA[Mockito is currently self-attaching to enable the inline-mock-maker. This will no longer work in future releases of the JDK. Please add Mockito as an agent to your build what is described in Mockito's documentation: https://javadoc.io/doc/org.mockito/mockito-core/latest/org/mockito/Mockito.html#0.3
WARNING: A Java agent has been loaded dynamically (C:\Users\angel\.m2\repository\net\bytebuddy\byte-buddy-agent\1.15.11\byte-buddy-agent-1.15.11.jar)
WARNING: If a serviceability tool is in use, please run with -XX:+EnableDynamicAgentLoading to hide this warning
WARNING: If a serviceability tool is not in use, please run with -Djdk.instrument.traceUsage for more information
WARNING: Dynamic loading of agents will be disallowed by default in a future release
]]></system-err>
  </testcase>
</testsuite>