<?xml version="1.0" encoding="UTF-8"?>
<testsuite xmlns:xsi="http://www.w3.org/2001/XMLSchema-instance" xsi:noNamespaceSchemaLocation="https://maven.apache.org/surefire/maven-surefire-plugin/xsd/surefire-test-report.xsd" version="3.0.2" name="com.neosystem.sifen.domain.xml.DocumentoElectronicoTest" time="0.252" tests="1" errors="0" skipped="0" failures="0">
  <properties>
[...]
</properties>
  <testcase name="testMarshalling" classname="com.neosystem.sifen.domain.xml.DocumentoElectronicoTest" time="0.229">
    <system-out><![CDATA[<?xml version="1.0" encoding="UTF-8" standalone="yes"?>
<ns3:rDE xmlns:ns2="http://www.w3.org/2000/09/xmldsig#" xmlns:ns3="http://ekuatia.set.gov.py/sifen/xsd">
    <dVerFor>150</dVerFor>
    <DE Id="01800015681001001000000122026020311234567891">
        <dId>01800015681001001000000122026020311234567891</dId>
        <dDvId>1</dDvId>
        <dFecFirma>2026-02-03T10:00:00</dFecFirma>
        <dSisFact>1</dSisFact>
        <gOpeDE>
            <iTipEmi>1</iTipEmi>
            <dDesTipEmi>Normal</dDesTipEmi>
            <dCodSeg>123456</dCodSeg>
        </gOpeDE>
        <gTimb>
            <iTiDE>1</iTiDE>
            <dDesTiDE>Factura Electronica</dDesTiDE>
            <dNumTim>12345678</dNumTim>
            <dEst>001</dEst>
            <dPunExp>001</dPunExp>
            <dNumDoc>0000001</dNumDoc>
            <dFeIniT>2026-01-01</dFeIniT>
        </gTimb>
        <gDatGralOpe>
            <dFeEmiDE>2026-02-03T10:00:00</dFeEmiDE>
            <gEmis>
                <dRucEm>80001568</dRucEm>
                <dDVEmi>1</dDVEmi>
                <iTipCont>2</iTipCont>
                <dNomEmi>Empresa Test S.A.</dNomEmi>
                <dDirEmi>Calle Falsa 123</dDirEmi>
                <dNumCas>123</dNumCas>
                <cDepEmi>1</cDepEmi>
                <dDesDepEmi>Capital</dDesDepEmi>
                <cCiuEmi>1</cCiuEmi>
                <dDesCiuEmi>Asuncion</dDesCiuEmi>
                <dTelEmi>021123456</dTelEmi>
                <dEmailE>test@test.com</dEmailE>
            </gEmis>
            <gDatRec>
                <iNatRec>1</iNatRec>
                <iTiOpe>1</iTiOpe>
                <cPaisRec>PRY</cPaisRec>
                <dDesPaisRe>Paraguay</dDesPaisRe>
                <dNomRec>Juan Perez</dNomRec>
                <dDirRec>Calle 1</dDirRec>
                <dNumCasRec>1</dNumCasRec>
                <cDepRec>1</cDepRec>
                <dDesDepRec>Capital</dDesDepRec>
                <cCiuRec>1</cCiuRec>
                <dDesCiuRec>Asuncion</dDesCiuRec>
            </gDatRec>
        </gDatGralOpe>
        <gDtipDE>
            <gCamFE>
                <iIndPres>1</iIndPres>
                <dDesIndPres>Presencial</dDesIndPres>
            </gCamFE>
        </gDtipDE>
        <gTotSub>
            <dTotOpe>10000</dTotOpe>
            <dTotGralOpe>10000</dTotGralOpe>
            <dTotIVA>909</dTotIVA>
        </gTotSub>
        <gCamItem>
            <dCodInt>P001</dCodInt>
            <dDesProSer>Producto 1</dDesProSer>
            <cUniMed>77</cUniMed>
            <dDesUniMed>Unidad</dDesUniMed>
            <dCantProSer>1</dCantProSer>
            <gValorItem>
                <dPUnitPro>10000</dPUnitPro>
                <dTotBruOpeItem>10000</dTotBruOpeItem>
                <gValorRestaItem>
                    <dTotOpeItem>10000</dTotOpeItem>
                </gValorRestaItem>
            </gValorItem>
            <gCamIVA>
                <iAfecIVA>1</iAfecIVA>
                <dDesAfecIVA>Gravado 10</dDesAfecIVA>
                <dPropIVA>100</dPropIVA>
                <dTasaIVA>10</dTasaIVA>
                <dLiqIVAItem>909</dLiqIVAItem>
            </gCamIVA>
        </gCamItem>
    </DE>
</ns3:rDE>

]]></system-out>
  </testcase>
</testsuite>