<?xml version="1.0" encoding="UTF-8"?>
<testsuite xmlns:xsi="http://www.w3.org/2001/XMLSchema-instance" xsi:noNamespaceSchemaLocation="https://maven.apache.org/surefire/maven-surefire-plugin/xsd/surefire-test-report.xsd" version="3.0.2" name="com.neosystem.sifen.infrastructure.adapters.sifen.SifenSoapClientAdapterTest" time="3.401" tests="1" errors="0" skipped="0" failures="1">
  <properties>
[...]
</properties>
  <testcase name="testRecibeEvento" classname="com.neosystem.sifen.infrastructure.adapters.sifen.SifenSoapClientAdapterTest" time="1.039">
    <failure message="&#10;Expecting actual:&#10;  &quot;&lt;?xml version=&quot;1.0&quot; encoding=&quot;UTF-8&quot;?&gt;&#10;&lt;env:Envelope xmlns:env=&quot;http://www.w3.org/2003/05/soap-envelope&quot;&gt;&lt;env:Header/&gt;&lt;env:Body&gt;&lt;ns2:rRetEnviDe xmlns:ns2=&quot;http://ekuatia.set.gov.py/sifen/xsd&quot;&gt;&lt;ns2:rProtDe&gt;&lt;ns2:dFecProc&gt;2026-02-03T21:23:03-03:00&lt;/ns2:dFecProc&gt;&lt;ns2:dEstRes&gt;Rechazado&lt;/ns2:dEstRes&gt;&lt;ns2:gResProc&gt;&lt;ns2:dCodRes&gt;0160&lt;/ns2:dCodRes&gt;&lt;ns2:dMsgRes&gt;XML Mal Formado.&lt;/ns2:dMsgRes&gt;&lt;/ns2:gResProc&gt;&lt;/ns2:rProtDe&gt;&lt;/ns2:rRetEnviDe&gt;&lt;/env:Body&gt;&lt;/env:Envelope&gt;&quot;&#10;to contain:&#10;  &quot;ns2:rRetEnviEventoDe&quot; " type="java.lang.AssertionError"><![CDATA[java.lang.AssertionError: 

Expecting actual:
  "<?xml version="1.0" encoding="UTF-8"?>
<env:Envelope xmlns:env="http://www.w3.org/2003/05/soap-envelope"><env:Header/><env:Body><ns2:rRetEnviDe xmlns:ns2="http://ekuatia.set.gov.py/sifen/xsd"><ns2:rProtDe><ns2:dFecProc>2026-02-03T21:23:03-03:00</ns2:dFecProc><ns2:dEstRes>Rechazado</ns2:dEstRes><ns2:gResProc><ns2:dCodRes>0160</ns2:dCodRes><ns2:dMsgRes>XML Mal Formado.</ns2:dMsgRes></ns2:gResProc></ns2:rProtDe></ns2:rRetEnviDe></env:Body></env:Envelope>"
to contain:
  "ns2:rRetEnviEventoDe" 
	at com.neosystem.sifen.infrastructure.adapters.sifen.SifenSoapClientAdapterTest.testRecibeEvento(SifenSoapClientAdapterTest.java:195)
	at java.base/java.lang.reflect.Method.invoke(Method.java:580)
	at java.base/java.util.ArrayList.forEach(ArrayList.java:1596)
	at java.base/java.util.ArrayList.forEach(ArrayList.java:1596)
]]></failure>
    <system-out><![CDATA[21:23:00.770 [main] INFO org.springframework.test.context.support.AnnotationConfigContextLoaderUtils -- Could not detect default configuration classes for test class [com.neosystem.sifen.infrastructure.adapters.sifen.SifenSoapClientAdapterTest]: SifenSoapClientAdapterTest does not declare any static, non-private, non-final, nested classes annotated with @Configuration.
21:23:00.895 [main] INFO org.springframework.boot.test.context.SpringBootTestContextBootstrapper -- Found @SpringBootConfiguration com.neosystem.sifen.SifenApplication for test class com.neosystem.sifen.infrastructure.adapters.sifen.SifenSoapClientAdapterTest

  .   ____          _            __ _ _
 /\\ / ___'_ __ _ _(_)_ __  __ _ \ \ \ \
( ( )\___ | '_ | '_| | '_ \/ _` | \ \ \ \
 \\/  ___)| |_)| | | | | || (_| |  ) ) ) )
  '  |____| .__|_| |_|_| |_\__, | / / / /
 =========|_|==============|___/=/_/_/_/

 :: Spring Boot ::                (v3.4.2)

2026-02-03T21:23:01.365-03:00  INFO 9164 --- [           main] c.n.s.i.a.s.SifenSoapClientAdapterTest   : Starting SifenSoapClientAdapterTest using Java 21.0.10 with PID 9164 (started by angel in C:\Users\angel\Documentos\NeoSystem\Proyectos\sifen)
2026-02-03T21:23:01.366-03:00  INFO 9164 --- [           main] c.n.s.i.a.s.SifenSoapClientAdapterTest   : No active profile set, falling back to 1 default profile: "default"
2026-02-03T21:23:02.205-03:00  WARN 9164 --- [           main] trationDelegate$BeanPostProcessorChecker : Bean 'org.springframework.ws.config.annotation.DelegatingWsConfiguration' of type [org.springframework.ws.config.annotation.DelegatingWsConfiguration$$SpringCGLIB$$0] is not eligible for getting processed by all BeanPostProcessors (for example: not eligible for auto-proxying). The currently created BeanPostProcessor [annotationActionEndpointMapping] is declared through a non-static factory method on that class; consider declaring it as static instead.
2026-02-03T21:23:02.240-03:00  INFO 9164 --- [           main] .w.s.a.s.AnnotationActionEndpointMapping : Supporting [WS-Addressing August 2004, WS-Addressing 1.0]
2026-02-03T21:23:02.269-03:00  INFO 9164 --- [           main] o.s.ws.soap.saaj.SaajSoapMessageFactory  : Creating SAAJ 1.3 MessageFactory with SOAP 1.2 Protocol
2026-02-03T21:23:02.282-03:00 DEBUG 9164 --- [           main] o.s.ws.soap.saaj.SaajSoapMessageFactory  : Using MessageFactory class [com.sun.xml.messaging.saaj.soap.ver1_2.SOAPMessageFactory1_2Impl]
2026-02-03T21:23:02.911-03:00 DEBUG 9164 --- [           main] yloadRootAnnotationMethodEndpointMapping : Looking for endpoints in application context: org.springframework.web.context.support.GenericWebApplicationContext@7fae4d4a, started on Tue Feb 03 21:23:01 PYT 2026
2026-02-03T21:23:02.915-03:00 DEBUG 9164 --- [           main] oapActionAnnotationMethodEndpointMapping : Looking for endpoints in application context: org.springframework.web.context.support.GenericWebApplicationContext@7fae4d4a, started on Tue Feb 03 21:23:01 PYT 2026
2026-02-03T21:23:02.935-03:00 DEBUG 9164 --- [           main] o.s.w.s.e.a.DefaultMethodEndpointAdapter : No MethodArgumentResolvers set, using defaults: [org.springframework.ws.server.endpoint.adapter.method.dom.DomPayloadMethodProcessor@3ebc955b, org.springframework.ws.server.endpoint.adapter.method.MessageContextMethodArgumentResolver@21a46ff1, org.springframework.ws.server.endpoint.adapter.method.SourcePayloadMethodProcessor@11b5f4e2, org.springframework.ws.server.endpoint.adapter.method.XPathParamMethodArgumentResolver@6bcae9, org.springframework.ws.soap.server.endpoint.adapter.method.SoapMethodArgumentResolver@5aa781f2, org.springframework.ws.soap.server.endpoint.adapter.method.SoapHeaderElementMethodArgumentResolver@58feb6b0, org.springframework.ws.server.endpoint.adapter.method.jaxb.XmlRootElementPayloadMethodProcessor@66d25ba9, org.springframework.ws.server.endpoint.adapter.method.jaxb.JaxbElementPayloadMethodProcessor@3830f918, org.springframework.ws.server.endpoint.adapter.method.StaxPayloadMethodArgumentResolver@5efe47fd]
2026-02-03T21:23:02.936-03:00 DEBUG 9164 --- [           main] o.s.w.s.e.a.DefaultMethodEndpointAdapter : No MethodReturnValueHandlers set, using defaults: [org.springframework.ws.server.endpoint.adapter.method.dom.DomPayloadMethodProcessor@38883a31, org.springframework.ws.server.endpoint.adapter.method.SourcePayloadMethodProcessor@27a6fef2, org.springframework.ws.server.endpoint.adapter.method.jaxb.XmlRootElementPayloadMethodProcessor@7fe8c7db, org.springframework.ws.server.endpoint.adapter.method.jaxb.JaxbElementPayloadMethodProcessor@2dba05b1]
2026-02-03T21:23:02.967-03:00  INFO 9164 --- [           main] c.n.s.i.a.s.SifenSoapClientAdapterTest   : Started SifenSoapClientAdapterTest in 1.921 seconds (process running for 2.827)
Recibe Evento Response: <?xml version="1.0" encoding="UTF-8"?>
<env:Envelope xmlns:env="http://www.w3.org/2003/05/soap-envelope"><env:Header/><env:Body><ns2:rRetEnviDe xmlns:ns2="http://ekuatia.set.gov.py/sifen/xsd"><ns2:rProtDe><ns2:dFecProc>2026-02-03T21:23:03-03:00</ns2:dFecProc><ns2:dEstRes>Rechazado</ns2:dEstRes><ns2:gResProc><ns2:dCodRes>0160</ns2:dCodRes><ns2:dMsgRes>XML Mal Formado.</ns2:dMsgRes></ns2:gResProc></ns2:rProtDe></ns2:rRetEnviDe></env:Body></env:Envelope>
]]></system-out>
    <system-err><![CDATA[Mockito is currently self-attaching to enable the inline-mock-maker. This will no longer work in future releases of the JDK. Please add Mockito as an agent to your build what is described in Mockito's documentation: https://javadoc.io/doc/org.mockito/mockito-core/latest/org/mockito/Mockito.html#0.3
WARNING: A Java agent has been loaded dynamically (C:\Users\angel\.m2\repository\net\bytebuddy\byte-buddy-agent\1.15.11\byte-buddy-agent-1.15.11.jar)
WARNING: If a serviceability tool is in use, please run with -XX:+EnableDynamicAgentLoading to hide this warning
WARNING: If a serviceability tool is not in use, please run with -Djdk.instrument.traceUsage for more information
WARNING: Dynamic loading of agents will be disallowed by default in a future release
]]></system-err>
  </testcase>
</testsuite>